0 info it worked if it ends with ok
1 verbose cli [ '/usr/bin/nodejs', '/usr/bin/npm', 'install', '-g', 'bower' ]
2 info using npm@3.5.2
3 info using node@v4.2.6
4 silly loadCurrentTree Starting
5 silly install loadCurrentTree
6 silly install readGlobalPackageData
7 silly fetchPackageMetaData bower
8 silly fetchNamedPackageData bower
9 silly mapToRegistry name bower
10 silly mapToRegistry using default registry
11 silly mapToRegistry registry https://registry.npmjs.org/
12 silly mapToRegistry uri https://registry.npmjs.org/bower
13 verbose request uri https://registry.npmjs.org/bower
14 verbose request no auth needed
15 info attempt registry request try #1 at 10:59:48 AM
16 verbose request id a065d40812842026
17 verbose etag W/"58f23126-2afde"
18 verbose lastModified Sat, 15 Apr 2017 14:41:42 GMT
19 http request GET https://registry.npmjs.org/bower
20 http 304 https://registry.npmjs.org/bower
21 verbose headers { date: 'Mon, 17 Apr 2017 14:59:54 GMT',
21 verbose headers   via: '1.1 varnish',
21 verbose headers   'cache-control': 'max-age=300',
21 verbose headers   etag: 'W/"58f23126-2afde"',
21 verbose headers   age: '174',
21 verbose headers   connection: 'keep-alive',
21 verbose headers   'x-served-by': 'cache-hkg6823-HKG',
21 verbose headers   'x-cache': 'HIT',
21 verbose headers   'x-cache-hits': '3',
21 verbose headers   'x-timer': 'S1492441194.301086,VS0,VE0',
21 verbose headers   vary: 'Accept-Encoding' }
22 silly get cb [ 304,
22 silly get   { date: 'Mon, 17 Apr 2017 14:59:54 GMT',
22 silly get     via: '1.1 varnish',
22 silly get     'cache-control': 'max-age=300',
22 silly get     etag: 'W/"58f23126-2afde"',
22 silly get     age: '174',
22 silly get     connection: 'keep-alive',
22 silly get     'x-served-by': 'cache-hkg6823-HKG',
22 silly get     'x-cache': 'HIT',
22 silly get     'x-cache-hits': '3',
22 silly get     'x-timer': 'S1492441194.301086,VS0,VE0',
22 silly get     vary: 'Accept-Encoding' } ]
23 verbose etag https://registry.npmjs.org/bower from cache
24 verbose get saving bower to /home/michael/.npm/registry.npmjs.org/bower/.cache.json
25 silly install normalizeTree
26 silly loadCurrentTree Finishing
27 silly loadIdealTree Starting
28 silly install loadIdealTree
29 silly cloneCurrentTree Starting
30 silly install cloneCurrentTreeToIdealTree
31 silly cloneCurrentTree Finishing
32 silly loadShrinkwrap Starting
33 silly install loadShrinkwrap
34 silly loadShrinkwrap Finishing
35 silly loadAllDepsIntoIdealTree Starting
36 silly install loadAllDepsIntoIdealTree
37 silly resolveWithNewModule bower@1.8.0 checking installable status
38 silly cache add args [ 'bower', null ]
39 verbose cache add spec bower
40 silly cache add parsed spec Result {
40 silly cache add   raw: 'bower',
40 silly cache add   scope: null,
40 silly cache add   name: 'bower',
40 silly cache add   rawSpec: '',
40 silly cache add   spec: 'latest',
40 silly cache add   type: 'tag' }
41 silly addNamed bower@latest
42 verbose addNamed "latest" is being treated as a dist-tag for bower
43 info addNameTag [ 'bower', 'latest' ]
44 silly mapToRegistry name bower
45 silly mapToRegistry using default registry
46 silly mapToRegistry registry https://registry.npmjs.org/
47 silly mapToRegistry uri https://registry.npmjs.org/bower
48 verbose addNameTag registry:https://registry.npmjs.org/bower not in flight; fetching
49 verbose get https://registry.npmjs.org/bower not expired, no request
50 silly addNameTag next cb for bower with tag latest
51 silly addNamed bower@1.8.0
52 verbose addNamed "1.8.0" is a plain semver version for bower
53 silly mapToRegistry name bower
54 silly mapToRegistry using default registry
55 silly mapToRegistry registry https://registry.npmjs.org/
56 silly mapToRegistry uri https://registry.npmjs.org/bower
57 verbose addRemoteTarball https://registry.npmjs.org/bower/-/bower-1.8.0.tgz not in flight; adding
58 verbose addRemoteTarball [ 'https://registry.npmjs.org/bower/-/bower-1.8.0.tgz',
58 verbose addRemoteTarball   '55dbebef0ad9155382d9e9d3e497c1372345b44a' ]
59 info retry fetch attempt 1 at 10:59:54 AM
60 info attempt registry request try #1 at 10:59:54 AM
61 http fetch GET https://registry.npmjs.org/bower/-/bower-1.8.0.tgz
62 http fetch 200 https://registry.npmjs.org/bower/-/bower-1.8.0.tgz
63 silly fetchAndShaCheck shasum 55dbebef0ad9155382d9e9d3e497c1372345b44a
64 verbose addTmpTarball /tmp/npm-11790-4e572e26/registry.npmjs.org/bower/-/bower-1.8.0.tgz not in flight; adding
65 verbose addTmpTarball already have metadata; skipping unpack for bower@1.8.0
66 silly cache afterAdd bower@1.8.0
67 verbose afterAdd /home/michael/.npm/bower/1.8.0/package/package.json not in flight; writing
68 verbose afterAdd /home/michael/.npm/bower/1.8.0/package/package.json written
69 silly loadAllDepsIntoIdealTree Finishing
70 silly idealTree:prePrune lib
70 silly idealTree:prePrune └── bower@1.8.0
71 silly loadIdealTree Finishing
72 silly currentTree lib
73 silly idealTree lib
73 silly idealTree └── bower@1.8.0
74 silly generateActionsToTake Starting
75 silly install generateActionsToTake
76 warn checkPermissions Missing write access to /usr/local/lib
77 silly rollbackFailedOptional Starting
78 silly rollbackFailedOptional Finishing
79 silly runTopLevelLifecycles Starting
80 silly runTopLevelLifecycles Finishing
81 silly install printInstalled
82 verbose stack Error: EACCES: permission denied, access '/usr/local/lib'
82 verbose stack     at Error (native)
83 verbose cwd /home/michael/workspace/PlatoCloud
84 error Linux 4.8.0-36-generic
85 error argv "/usr/bin/nodejs" "/usr/bin/npm" "install" "-g" "bower"
86 error node v4.2.6
87 error npm  v3.5.2
88 error path /usr/local/lib
89 error code EACCES
90 error errno -13
91 error syscall access
92 error Error: EACCES: permission denied, access '/usr/local/lib'
92 error     at Error (native)
92 error  { [Error: EACCES: permission denied, access '/usr/local/lib']
92 error   errno: -13,
92 error   code: 'EACCES',
92 error   syscall: 'access',
92 error   path: '/usr/local/lib' }
93 error Please try running this command again as root/Administrator.
94 verbose exit [ -13, true ]
